ARM GAS  C:\Users\jajuv\AppData\Local\Temp\cczAka5Y.s 			page 1


   1              		.syntax unified
   2              		.cpu cortex-m3
   3              		.fpu softvfp
   4              		.eabi_attribute 20, 1
   5              		.eabi_attribute 21, 1
   6              		.eabi_attribute 23, 3
   7              		.eabi_attribute 24, 1
   8              		.eabi_attribute 25, 1
   9              		.eabi_attribute 26, 1
  10              		.eabi_attribute 30, 1
  11              		.eabi_attribute 34, 1
  12              		.eabi_attribute 18, 4
  13              		.thumb
  14              		.syntax unified
  15              		.file	"cymetadata.c"
  16              		.text
  17              	.Ltext0:
  18              		.cfi_sections	.debug_frame
  19              		.global	cy_metadata
  20              		.global	cy_meta_flashprotect
  21              		.global	cy_meta_wonvl
  22              		.global	cy_meta_custnvl
  23              		.global	cy_meta_configecc
  24              		.section	.cyconfigecc,"a",%progbits
  25              		.align	2
  26              		.type	cy_meta_configecc, %object
  27              		.size	cy_meta_configecc, 312
  28              	cy_meta_configecc:
  29 0000 01       		.byte	1
  30 0001 45       		.byte	69
  31 0002 00       		.byte	0
  32 0003 40       		.byte	64
  33 0004 02       		.byte	2
  34 0005 52       		.byte	82
  35 0006 00       		.byte	0
  36 0007 40       		.byte	64
  37 0008 01       		.byte	1
  38 0009 65       		.byte	101
  39 000a 00       		.byte	0
  40 000b 40       		.byte	64
  41 000c 01       		.byte	1
  42 000d 17       		.byte	23
  43 000e 01       		.byte	1
  44 000f 40       		.byte	64
  45 0010 3C       		.byte	60
  46 0011 18       		.byte	24
  47 0012 01       		.byte	1
  48 0013 40       		.byte	64
  49 0014 20       		.byte	32
  50 0015 19       		.byte	25
  51 0016 01       		.byte	1
  52 0017 40       		.byte	64
  53 0018 01       		.byte	1
  54 0019 1B       		.byte	27
  55 001a 01       		.byte	1
  56 001b 40       		.byte	64
  57 001c 02       		.byte	2
ARM GAS  C:\Users\jajuv\AppData\Local\Temp\cczAka5Y.s 			page 2


  58 001d 40       		.byte	64
  59 001e 01       		.byte	1
  60 001f 40       		.byte	64
  61 0020 01       		.byte	1
  62 0021 41       		.byte	65
  63 0022 01       		.byte	1
  64 0023 40       		.byte	64
  65 0024 01       		.byte	1
  66 0025 42       		.byte	66
  67 0026 01       		.byte	1
  68 0027 40       		.byte	64
  69 0028 01       		.byte	1
  70 0029 43       		.byte	67
  71 002a 01       		.byte	1
  72 002b 40       		.byte	64
  73 002c 03       		.byte	3
  74 002d 48       		.byte	72
  75 002e 01       		.byte	1
  76 002f 40       		.byte	64
  77 0030 02       		.byte	2
  78 0031 4C       		.byte	76
  79 0032 01       		.byte	1
  80 0033 40       		.byte	64
  81 0034 02       		.byte	2
  82 0035 4D       		.byte	77
  83 0036 01       		.byte	1
  84 0037 40       		.byte	64
  85 0038 02       		.byte	2
  86 0039 50       		.byte	80
  87 003a 01       		.byte	1
  88 003b 40       		.byte	64
  89 003c 01       		.byte	1
  90 003d 51       		.byte	81
  91 003e 01       		.byte	1
  92 003f 40       		.byte	64
  93 0040 12       		.byte	18
  94 0041 02       		.byte	2
  95 0042 08       		.byte	8
  96 0043 40       		.byte	64
  97 0044 14       		.byte	20
  98 0045 04       		.byte	4
  99 0046 89       		.byte	-119
 100 0047 0D       		.byte	13
 101 0048 E6       		.byte	-26
 102 0049 01       		.byte	1
 103 004a 40       		.byte	64
 104 004b 60       		.byte	96
 105 004c 41       		.byte	65
 106 004d 05       		.byte	5
 107 004e 49       		.byte	73
 108 004f FF       		.byte	-1
 109 0050 4A       		.byte	74
 110 0051 FF       		.byte	-1
 111 0052 4B       		.byte	75
 112 0053 FF       		.byte	-1
 113 0054 4D       		.byte	77
 114 0055 A0       		.byte	-96
ARM GAS  C:\Users\jajuv\AppData\Local\Temp\cczAka5Y.s 			page 3


 115 0056 4F       		.byte	79
 116 0057 04       		.byte	4
 117 0058 50       		.byte	80
 118 0059 18       		.byte	24
 119 005a 5A       		.byte	90
 120 005b 04       		.byte	4
 121 005c 5F       		.byte	95
 122 005d 01       		.byte	1
 123 005e 60       		.byte	96
 124 005f 40       		.byte	64
 125 0060 62       		.byte	98
 126 0061 C0       		.byte	-64
 127 0062 64       		.byte	100
 128 0063 40       		.byte	64
 129 0064 65       		.byte	101
 130 0065 40       		.byte	64
 131 0066 66       		.byte	102
 132 0067 C0       		.byte	-64
 133 0068 68       		.byte	104
 134 0069 C0       		.byte	-64
 135 006a 6A       		.byte	106
 136 006b C0       		.byte	-64
 137 006c 6C       		.byte	108
 138 006d C0       		.byte	-64
 139 006e 6E       		.byte	110
 140 006f C0       		.byte	-64
 141 0070 8E       		.byte	-114
 142 0071 02       		.byte	2
 143 0072 92       		.byte	-110
 144 0073 01       		.byte	1
 145 0074 9A       		.byte	-102
 146 0075 06       		.byte	6
 147 0076 9B       		.byte	-101
 148 0077 01       		.byte	1
 149 0078 A6       		.byte	-90
 150 0079 0C       		.byte	12
 151 007a AD       		.byte	-83
 152 007b 01       		.byte	1
 153 007c B0       		.byte	-80
 154 007d 04       		.byte	4
 155 007e B2       		.byte	-78
 156 007f 02       		.byte	2
 157 0080 B4       		.byte	-76
 158 0081 01       		.byte	1
 159 0082 B6       		.byte	-74
 160 0083 08       		.byte	8
 161 0084 B7       		.byte	-73
 162 0085 01       		.byte	1
 163 0086 BE       		.byte	-66
 164 0087 04       		.byte	4
 165 0088 C0       		.byte	-64
 166 0089 20       		.byte	32
 167 008a C1       		.byte	-63
 168 008b 05       		.byte	5
 169 008c C5       		.byte	-59
 170 008d D1       		.byte	-47
 171 008e C7       		.byte	-57
ARM GAS  C:\Users\jajuv\AppData\Local\Temp\cczAka5Y.s 			page 4


 172 008f 20       		.byte	32
 173 0090 C8       		.byte	-56
 174 0091 23       		.byte	35
 175 0092 C9       		.byte	-55
 176 0093 FF       		.byte	-1
 177 0094 CA       		.byte	-54
 178 0095 FF       		.byte	-1
 179 0096 CB       		.byte	-53
 180 0097 FF       		.byte	-1
 181 0098 CD       		.byte	-51
 182 0099 AF       		.byte	-81
 183 009a CE       		.byte	-50
 184 009b 0F       		.byte	15
 185 009c CF       		.byte	-49
 186 009d 04       		.byte	4
 187 009e D0       		.byte	-48
 188 009f 18       		.byte	24
 189 00a0 D2       		.byte	-46
 190 00a1 80       		.byte	-128
 191 00a2 D4       		.byte	-44
 192 00a3 05       		.byte	5
 193 00a4 D6       		.byte	-42
 194 00a5 04       		.byte	4
 195 00a6 D8       		.byte	-40
 196 00a7 04       		.byte	4
 197 00a8 D9       		.byte	-39
 198 00a9 04       		.byte	4
 199 00aa DA       		.byte	-38
 200 00ab 04       		.byte	4
 201 00ac DB       		.byte	-37
 202 00ad 04       		.byte	4
 203 00ae DF       		.byte	-33
 204 00af 01       		.byte	1
 205 00b0 E0       		.byte	-32
 206 00b1 40       		.byte	64
 207 00b2 E2       		.byte	-30
 208 00b3 C0       		.byte	-64
 209 00b4 E4       		.byte	-28
 210 00b5 40       		.byte	64
 211 00b6 E5       		.byte	-27
 212 00b7 40       		.byte	64
 213 00b8 E6       		.byte	-26
 214 00b9 C0       		.byte	-64
 215 00ba E8       		.byte	-24
 216 00bb C0       		.byte	-64
 217 00bc EA       		.byte	-22
 218 00bd C0       		.byte	-64
 219 00be EC       		.byte	-20
 220 00bf C0       		.byte	-64
 221 00c0 EE       		.byte	-18
 222 00c1 C0       		.byte	-64
 223 00c2 02       		.byte	2
 224 00c3 02       		.byte	2
 225 00c4 09       		.byte	9
 226 00c5 02       		.byte	2
 227 00c6 0A       		.byte	10
 228 00c7 04       		.byte	4
ARM GAS  C:\Users\jajuv\AppData\Local\Temp\cczAka5Y.s 			page 5


 229 00c8 10       		.byte	16
 230 00c9 20       		.byte	32
 231 00ca 18       		.byte	24
 232 00cb 80       		.byte	-128
 233 00cc 19       		.byte	25
 234 00cd 44       		.byte	68
 235 00ce 1A       		.byte	26
 236 00cf 04       		.byte	4
 237 00d0 1B       		.byte	27
 238 00d1 10       		.byte	16
 239 00d2 22       		.byte	34
 240 00d3 40       		.byte	64
 241 00d4 29       		.byte	41
 242 00d5 40       		.byte	64
 243 00d6 30       		.byte	48
 244 00d7 20       		.byte	32
 245 00d8 42       		.byte	66
 246 00d9 04       		.byte	4
 247 00da 48       		.byte	72
 248 00db 20       		.byte	32
 249 00dc 49       		.byte	73
 250 00dd 01       		.byte	1
 251 00de 4A       		.byte	74
 252 00df 02       		.byte	2
 253 00e0 4E       		.byte	78
 254 00e1 02       		.byte	2
 255 00e2 4F       		.byte	79
 256 00e3 20       		.byte	32
 257 00e4 52       		.byte	82
 258 00e5 02       		.byte	2
 259 00e6 59       		.byte	89
 260 00e7 05       		.byte	5
 261 00e8 5A       		.byte	90
 262 00e9 80       		.byte	-128
 263 00ea 60       		.byte	96
 264 00eb 80       		.byte	-128
 265 00ec 71       		.byte	113
 266 00ed 02       		.byte	2
 267 00ee 80       		.byte	-128
 268 00ef 80       		.byte	-128
 269 00f0 C0       		.byte	-64
 270 00f1 01       		.byte	1
 271 00f2 C2       		.byte	-62
 272 00f3 0A       		.byte	10
 273 00f4 C4       		.byte	-60
 274 00f5 04       		.byte	4
 275 00f6 CA       		.byte	-54
 276 00f7 08       		.byte	8
 277 00f8 CC       		.byte	-52
 278 00f9 04       		.byte	4
 279 00fa D0       		.byte	-48
 280 00fb 04       		.byte	4
 281 00fc D2       		.byte	-46
 282 00fd 38       		.byte	56
 283 00fe D6       		.byte	-42
 284 00ff 0B       		.byte	11
 285 0100 D8       		.byte	-40
ARM GAS  C:\Users\jajuv\AppData\Local\Temp\cczAka5Y.s 			page 6


 286 0101 01       		.byte	1
 287 0102 B4       		.byte	-76
 288 0103 40       		.byte	64
 289 0104 32       		.byte	50
 290 0105 40       		.byte	64
 291 0106 CC       		.byte	-52
 292 0107 10       		.byte	16
 293 0108 96       		.byte	-106
 294 0109 80       		.byte	-128
 295 010a 96       		.byte	-106
 296 010b 80       		.byte	-128
 297 010c 96       		.byte	-106
 298 010d 80       		.byte	-128
 299 010e 82       		.byte	-126
 300 010f 40       		.byte	64
 301 0110 96       		.byte	-106
 302 0111 80       		.byte	-128
 303 0112 E6       		.byte	-26
 304 0113 80       		.byte	-128
 305 0114 5C       		.byte	92
 306 0115 01       		.byte	1
 307 0116 D6       		.byte	-42
 308 0117 01       		.byte	1
 309 0118 B4       		.byte	-76
 310 0119 01       		.byte	1
 311 011a EC       		.byte	-20
 312 011b 08       		.byte	8
 313 011c 10       		.byte	16
 314 011d 01       		.byte	1
 315 011e 1C       		.byte	28
 316 011f 01       		.byte	1
 317 0120 00       		.byte	0
 318 0121 03       		.byte	3
 319 0122 00       		.byte	0
 320 0123 00       		.byte	0
 321 0124 00       		.byte	0
 322 0125 4B       		.byte	75
 323 0126 4B       		.byte	75
 324 0127 00       		.byte	0
 325 0128 40       		.byte	64
 326 0129 00       		.byte	0
 327 012a 00       		.byte	0
 328 012b 00       		.byte	0
 329 012c 04       		.byte	4
 330 012d 00       		.byte	0
 331 012e 00       		.byte	0
 332 012f 06       		.byte	6
 333 0130 02       		.byte	2
 334 0131 00       		.byte	0
 335 0132 00       		.byte	0
 336 0133 00       		.byte	0
 337 0134 00       		.byte	0
 338 0135 00       		.byte	0
 339 0136 00       		.byte	0
 340 0137 00       		.byte	0
 341              		.section	.cywolatch,"a",%progbits
 342              		.align	2
ARM GAS  C:\Users\jajuv\AppData\Local\Temp\cczAka5Y.s 			page 7


 343              		.type	cy_meta_wonvl, %object
 344              		.size	cy_meta_wonvl, 4
 345              	cy_meta_wonvl:
 346 0000 BC       		.byte	-68
 347 0001 90       		.byte	-112
 348 0002 AC       		.byte	-84
 349 0003 AF       		.byte	-81
 350              		.section	.cycustnvl,"a",%progbits
 351              		.align	2
 352              		.type	cy_meta_custnvl, %object
 353              		.size	cy_meta_custnvl, 4
 354              	cy_meta_custnvl:
 355 0000 00       		.byte	0
 356 0001 00       		.byte	0
 357 0002 40       		.byte	64
 358 0003 05       		.byte	5
 359              		.section	.cymeta,"a",%progbits
 360              		.align	2
 361              		.type	cy_metadata, %object
 362              		.size	cy_metadata, 12
 363              	cy_metadata:
 364 0000 00       		.byte	0
 365 0001 01       		.byte	1
 366 0002 2E       		.byte	46
 367 0003 16       		.byte	22
 368 0004 10       		.byte	16
 369 0005 69       		.byte	105
 370 0006 00       		.byte	0
 371 0007 01       		.byte	1
 372 0008 00       		.byte	0
 373 0009 00       		.byte	0
 374 000a 00       		.byte	0
 375 000b 00       		.byte	0
 376              		.section	.cyflashprotect,"a",%progbits
 377              		.align	2
 378              		.type	cy_meta_flashprotect, %object
 379              		.size	cy_meta_flashprotect, 256
 380              	cy_meta_flashprotect:
 381 0000 00000000 		.space	256
 381      00000000 
 381      00000000 
 381      00000000 
 381      00000000 
 382              		.text
 383              	.Letext0:
 384              		.file 1 "c:\\program files (x86)\\cypress\\psoc creator\\4.2\\psoc creator\\import\\gnu\\arm\\5.4.
 385              		.file 2 "c:\\program files (x86)\\cypress\\psoc creator\\4.2\\psoc creator\\import\\gnu\\arm\\5.4.
 386              		.file 3 "Generated_Source\\PSoC5\\cymetadata.c"
 387              		.section	.debug_info,"",%progbits
 388              	.Ldebug_info0:
 389 0000 31010000 		.4byte	0x131
 390 0004 0400     		.2byte	0x4
 391 0006 00000000 		.4byte	.Ldebug_abbrev0
 392 000a 04       		.byte	0x4
 393 000b 01       		.uleb128 0x1
 394 000c 5E000000 		.4byte	.LASF17
 395 0010 0C       		.byte	0xc
ARM GAS  C:\Users\jajuv\AppData\Local\Temp\cczAka5Y.s 			page 8


 396 0011 B8010000 		.4byte	.LASF18
 397 0015 16000000 		.4byte	.LASF19
 398 0019 00000000 		.4byte	.Ldebug_line0
 399 001d 02       		.uleb128 0x2
 400 001e 01       		.byte	0x1
 401 001f 06       		.byte	0x6
 402 0020 AC010000 		.4byte	.LASF0
 403 0024 03       		.uleb128 0x3
 404 0025 00000000 		.4byte	.LASF9
 405 0029 01       		.byte	0x1
 406 002a 1D       		.byte	0x1d
 407 002b 2F000000 		.4byte	0x2f
 408 002f 02       		.uleb128 0x2
 409 0030 01       		.byte	0x1
 410 0031 08       		.byte	0x8
 411 0032 50000000 		.4byte	.LASF1
 412 0036 02       		.uleb128 0x2
 413 0037 02       		.byte	0x2
 414 0038 05       		.byte	0x5
 415 0039 99010000 		.4byte	.LASF2
 416 003d 02       		.uleb128 0x2
 417 003e 02       		.byte	0x2
 418 003f 07       		.byte	0x7
 419 0040 FE000000 		.4byte	.LASF3
 420 0044 02       		.uleb128 0x2
 421 0045 04       		.byte	0x4
 422 0046 05       		.byte	0x5
 423 0047 A3010000 		.4byte	.LASF4
 424 004b 02       		.uleb128 0x2
 425 004c 04       		.byte	0x4
 426 004d 07       		.byte	0x7
 427 004e EC000000 		.4byte	.LASF5
 428 0052 02       		.uleb128 0x2
 429 0053 08       		.byte	0x8
 430 0054 05       		.byte	0x5
 431 0055 8B010000 		.4byte	.LASF6
 432 0059 02       		.uleb128 0x2
 433 005a 08       		.byte	0x8
 434 005b 07       		.byte	0x7
 435 005c 40010000 		.4byte	.LASF7
 436 0060 04       		.uleb128 0x4
 437 0061 04       		.byte	0x4
 438 0062 05       		.byte	0x5
 439 0063 696E7400 		.ascii	"int\000"
 440 0067 02       		.uleb128 0x2
 441 0068 04       		.byte	0x4
 442 0069 07       		.byte	0x7
 443 006a 33010000 		.4byte	.LASF8
 444 006e 03       		.uleb128 0x3
 445 006f 57010000 		.4byte	.LASF10
 446 0073 02       		.byte	0x2
 447 0074 18       		.byte	0x18
 448 0075 24000000 		.4byte	0x24
 449 0079 05       		.uleb128 0x5
 450 007a 91000000 		.4byte	0x91
 451 007e 8A000000 		.4byte	0x8a
 452 0082 06       		.uleb128 0x6
ARM GAS  C:\Users\jajuv\AppData\Local\Temp\cczAka5Y.s 			page 9


 453 0083 8A000000 		.4byte	0x8a
 454 0087 3701     		.2byte	0x137
 455 0089 00       		.byte	0
 456 008a 02       		.uleb128 0x2
 457 008b 04       		.byte	0x4
 458 008c 07       		.byte	0x7
 459 008d 82010000 		.4byte	.LASF11
 460 0091 07       		.uleb128 0x7
 461 0092 6E000000 		.4byte	0x6e
 462 0096 08       		.uleb128 0x8
 463 0097 21010000 		.4byte	.LASF12
 464 009b 03       		.byte	0x3
 465 009c 1F       		.byte	0x1f
 466 009d A7000000 		.4byte	0xa7
 467 00a1 05       		.uleb128 0x5
 468 00a2 03       		.byte	0x3
 469 00a3 00000000 		.4byte	cy_meta_configecc
 470 00a7 07       		.uleb128 0x7
 471 00a8 79000000 		.4byte	0x79
 472 00ac 05       		.uleb128 0x5
 473 00ad 91000000 		.4byte	0x91
 474 00b1 BC000000 		.4byte	0xbc
 475 00b5 09       		.uleb128 0x9
 476 00b6 8A000000 		.4byte	0x8a
 477 00ba 03       		.byte	0x3
 478 00bb 00       		.byte	0
 479 00bc 08       		.uleb128 0x8
 480 00bd 11010000 		.4byte	.LASF13
 481 00c1 03       		.byte	0x3
 482 00c2 53       		.byte	0x53
 483 00c3 CD000000 		.4byte	0xcd
 484 00c7 05       		.uleb128 0x5
 485 00c8 03       		.byte	0x3
 486 00c9 00000000 		.4byte	cy_meta_custnvl
 487 00cd 07       		.uleb128 0x7
 488 00ce AC000000 		.4byte	0xac
 489 00d2 08       		.uleb128 0x8
 490 00d3 74010000 		.4byte	.LASF14
 491 00d7 03       		.byte	0x3
 492 00d8 61       		.byte	0x61
 493 00d9 E3000000 		.4byte	0xe3
 494 00dd 05       		.uleb128 0x5
 495 00de 03       		.byte	0x3
 496 00df 00000000 		.4byte	cy_meta_wonvl
 497 00e3 07       		.uleb128 0x7
 498 00e4 AC000000 		.4byte	0xac
 499 00e8 05       		.uleb128 0x5
 500 00e9 91000000 		.4byte	0x91
 501 00ed F8000000 		.4byte	0xf8
 502 00f1 09       		.uleb128 0x9
 503 00f2 8A000000 		.4byte	0x8a
 504 00f6 FF       		.byte	0xff
 505 00f7 00       		.byte	0
 506 00f8 08       		.uleb128 0x8
 507 00f9 5F010000 		.4byte	.LASF15
 508 00fd 03       		.byte	0x3
 509 00fe 6F       		.byte	0x6f
ARM GAS  C:\Users\jajuv\AppData\Local\Temp\cczAka5Y.s 			page 10


 510 00ff 09010000 		.4byte	0x109
 511 0103 05       		.uleb128 0x5
 512 0104 03       		.byte	0x3
 513 0105 00000000 		.4byte	cy_meta_flashprotect
 514 0109 07       		.uleb128 0x7
 515 010a E8000000 		.4byte	0xe8
 516 010e 05       		.uleb128 0x5
 517 010f 91000000 		.4byte	0x91
 518 0113 1E010000 		.4byte	0x11e
 519 0117 09       		.uleb128 0x9
 520 0118 8A000000 		.4byte	0x8a
 521 011c 0B       		.byte	0xb
 522 011d 00       		.byte	0
 523 011e 08       		.uleb128 0x8
 524 011f 0A000000 		.4byte	.LASF16
 525 0123 03       		.byte	0x3
 526 0124 9C       		.byte	0x9c
 527 0125 2F010000 		.4byte	0x12f
 528 0129 05       		.uleb128 0x5
 529 012a 03       		.byte	0x3
 530 012b 00000000 		.4byte	cy_metadata
 531 012f 07       		.uleb128 0x7
 532 0130 0E010000 		.4byte	0x10e
 533 0134 00       		.byte	0
 534              		.section	.debug_abbrev,"",%progbits
 535              	.Ldebug_abbrev0:
 536 0000 01       		.uleb128 0x1
 537 0001 11       		.uleb128 0x11
 538 0002 01       		.byte	0x1
 539 0003 25       		.uleb128 0x25
 540 0004 0E       		.uleb128 0xe
 541 0005 13       		.uleb128 0x13
 542 0006 0B       		.uleb128 0xb
 543 0007 03       		.uleb128 0x3
 544 0008 0E       		.uleb128 0xe
 545 0009 1B       		.uleb128 0x1b
 546 000a 0E       		.uleb128 0xe
 547 000b 10       		.uleb128 0x10
 548 000c 17       		.uleb128 0x17
 549 000d 00       		.byte	0
 550 000e 00       		.byte	0
 551 000f 02       		.uleb128 0x2
 552 0010 24       		.uleb128 0x24
 553 0011 00       		.byte	0
 554 0012 0B       		.uleb128 0xb
 555 0013 0B       		.uleb128 0xb
 556 0014 3E       		.uleb128 0x3e
 557 0015 0B       		.uleb128 0xb
 558 0016 03       		.uleb128 0x3
 559 0017 0E       		.uleb128 0xe
 560 0018 00       		.byte	0
 561 0019 00       		.byte	0
 562 001a 03       		.uleb128 0x3
 563 001b 16       		.uleb128 0x16
 564 001c 00       		.byte	0
 565 001d 03       		.uleb128 0x3
 566 001e 0E       		.uleb128 0xe
ARM GAS  C:\Users\jajuv\AppData\Local\Temp\cczAka5Y.s 			page 11


 567 001f 3A       		.uleb128 0x3a
 568 0020 0B       		.uleb128 0xb
 569 0021 3B       		.uleb128 0x3b
 570 0022 0B       		.uleb128 0xb
 571 0023 49       		.uleb128 0x49
 572 0024 13       		.uleb128 0x13
 573 0025 00       		.byte	0
 574 0026 00       		.byte	0
 575 0027 04       		.uleb128 0x4
 576 0028 24       		.uleb128 0x24
 577 0029 00       		.byte	0
 578 002a 0B       		.uleb128 0xb
 579 002b 0B       		.uleb128 0xb
 580 002c 3E       		.uleb128 0x3e
 581 002d 0B       		.uleb128 0xb
 582 002e 03       		.uleb128 0x3
 583 002f 08       		.uleb128 0x8
 584 0030 00       		.byte	0
 585 0031 00       		.byte	0
 586 0032 05       		.uleb128 0x5
 587 0033 01       		.uleb128 0x1
 588 0034 01       		.byte	0x1
 589 0035 49       		.uleb128 0x49
 590 0036 13       		.uleb128 0x13
 591 0037 01       		.uleb128 0x1
 592 0038 13       		.uleb128 0x13
 593 0039 00       		.byte	0
 594 003a 00       		.byte	0
 595 003b 06       		.uleb128 0x6
 596 003c 21       		.uleb128 0x21
 597 003d 00       		.byte	0
 598 003e 49       		.uleb128 0x49
 599 003f 13       		.uleb128 0x13
 600 0040 2F       		.uleb128 0x2f
 601 0041 05       		.uleb128 0x5
 602 0042 00       		.byte	0
 603 0043 00       		.byte	0
 604 0044 07       		.uleb128 0x7
 605 0045 26       		.uleb128 0x26
 606 0046 00       		.byte	0
 607 0047 49       		.uleb128 0x49
 608 0048 13       		.uleb128 0x13
 609 0049 00       		.byte	0
 610 004a 00       		.byte	0
 611 004b 08       		.uleb128 0x8
 612 004c 34       		.uleb128 0x34
 613 004d 00       		.byte	0
 614 004e 03       		.uleb128 0x3
 615 004f 0E       		.uleb128 0xe
 616 0050 3A       		.uleb128 0x3a
 617 0051 0B       		.uleb128 0xb
 618 0052 3B       		.uleb128 0x3b
 619 0053 0B       		.uleb128 0xb
 620 0054 49       		.uleb128 0x49
 621 0055 13       		.uleb128 0x13
 622 0056 3F       		.uleb128 0x3f
 623 0057 19       		.uleb128 0x19
ARM GAS  C:\Users\jajuv\AppData\Local\Temp\cczAka5Y.s 			page 12


 624 0058 02       		.uleb128 0x2
 625 0059 18       		.uleb128 0x18
 626 005a 00       		.byte	0
 627 005b 00       		.byte	0
 628 005c 09       		.uleb128 0x9
 629 005d 21       		.uleb128 0x21
 630 005e 00       		.byte	0
 631 005f 49       		.uleb128 0x49
 632 0060 13       		.uleb128 0x13
 633 0061 2F       		.uleb128 0x2f
 634 0062 0B       		.uleb128 0xb
 635 0063 00       		.byte	0
 636 0064 00       		.byte	0
 637 0065 00       		.byte	0
 638              		.section	.debug_aranges,"",%progbits
 639 0000 14000000 		.4byte	0x14
 640 0004 0200     		.2byte	0x2
 641 0006 00000000 		.4byte	.Ldebug_info0
 642 000a 04       		.byte	0x4
 643 000b 00       		.byte	0
 644 000c 0000     		.2byte	0
 645 000e 0000     		.2byte	0
 646 0010 00000000 		.4byte	0
 647 0014 00000000 		.4byte	0
 648              		.section	.debug_line,"",%progbits
 649              	.Ldebug_line0:
 650 0000 3D010000 		.section	.debug_str,"MS",%progbits,1
 650      02003701 
 650      00000201 
 650      FB0E0D00 
 650      01010101 
 651              	.LASF9:
 652 0000 5F5F7569 		.ascii	"__uint8_t\000"
 652      6E74385F 
 652      7400
 653              	.LASF16:
 654 000a 63795F6D 		.ascii	"cy_metadata\000"
 654      65746164 
 654      61746100 
 655              	.LASF19:
 656 0016 433A5C63 		.ascii	"C:\\code\\PSOC\\PSoCLabs\\Excercise2\\johannesPSoC5"
 656      6F64655C 
 656      50534F43 
 656      5C50536F 
 656      434C6162 
 657 0044 53657276 		.ascii	"Servo.cydsn\000"
 657      6F2E6379 
 657      64736E00 
 658              	.LASF1:
 659 0050 756E7369 		.ascii	"unsigned char\000"
 659      676E6564 
 659      20636861 
 659      7200
 660              	.LASF17:
 661 005e 474E5520 		.ascii	"GNU C11 5.4.1 20160609 (release) [ARM/embedded-5-br"
 661      43313120 
 661      352E342E 
ARM GAS  C:\Users\jajuv\AppData\Local\Temp\cczAka5Y.s 			page 13


 661      31203230 
 661      31363036 
 662 0091 616E6368 		.ascii	"anch revision 237715] -mcpu=cortex-m3 -mthumb -g -O"
 662      20726576 
 662      6973696F 
 662      6E203233 
 662      37373135 
 663 00c4 67202D66 		.ascii	"g -ffunction-sections -ffat-lto-objects\000"
 663      66756E63 
 663      74696F6E 
 663      2D736563 
 663      74696F6E 
 664              	.LASF5:
 665 00ec 6C6F6E67 		.ascii	"long unsigned int\000"
 665      20756E73 
 665      69676E65 
 665      6420696E 
 665      7400
 666              	.LASF3:
 667 00fe 73686F72 		.ascii	"short unsigned int\000"
 667      7420756E 
 667      7369676E 
 667      65642069 
 667      6E7400
 668              	.LASF13:
 669 0111 63795F6D 		.ascii	"cy_meta_custnvl\000"
 669      6574615F 
 669      63757374 
 669      6E766C00 
 670              	.LASF12:
 671 0121 63795F6D 		.ascii	"cy_meta_configecc\000"
 671      6574615F 
 671      636F6E66 
 671      69676563 
 671      6300
 672              	.LASF8:
 673 0133 756E7369 		.ascii	"unsigned int\000"
 673      676E6564 
 673      20696E74 
 673      00
 674              	.LASF7:
 675 0140 6C6F6E67 		.ascii	"long long unsigned int\000"
 675      206C6F6E 
 675      6720756E 
 675      7369676E 
 675      65642069 
 676              	.LASF10:
 677 0157 75696E74 		.ascii	"uint8_t\000"
 677      385F7400 
 678              	.LASF15:
 679 015f 63795F6D 		.ascii	"cy_meta_flashprotect\000"
 679      6574615F 
 679      666C6173 
 679      6870726F 
 679      74656374 
 680              	.LASF14:
 681 0174 63795F6D 		.ascii	"cy_meta_wonvl\000"
ARM GAS  C:\Users\jajuv\AppData\Local\Temp\cczAka5Y.s 			page 14


 681      6574615F 
 681      776F6E76 
 681      6C00
 682              	.LASF11:
 683 0182 73697A65 		.ascii	"sizetype\000"
 683      74797065 
 683      00
 684              	.LASF6:
 685 018b 6C6F6E67 		.ascii	"long long int\000"
 685      206C6F6E 
 685      6720696E 
 685      7400
 686              	.LASF2:
 687 0199 73686F72 		.ascii	"short int\000"
 687      7420696E 
 687      7400
 688              	.LASF4:
 689 01a3 6C6F6E67 		.ascii	"long int\000"
 689      20696E74 
 689      00
 690              	.LASF0:
 691 01ac 7369676E 		.ascii	"signed char\000"
 691      65642063 
 691      68617200 
 692              	.LASF18:
 693 01b8 47656E65 		.ascii	"Generated_Source\\PSoC5\\cymetadata.c\000"
 693      72617465 
 693      645F536F 
 693      75726365 
 693      5C50536F 
 694              		.ident	"GCC: (GNU Tools for ARM Embedded Processors) 5.4.1 20160609 (release) [ARM/embedded-5-bran
