ARM GAS  C:\Users\jajuv\AppData\Local\Temp\ccVxVAVh.s 			page 1


   1              		.syntax unified
   2              		.cpu cortex-m3
   3              		.fpu softvfp
   4              		.eabi_attribute 20, 1
   5              		.eabi_attribute 21, 1
   6              		.eabi_attribute 23, 3
   7              		.eabi_attribute 24, 1
   8              		.eabi_attribute 25, 1
   9              		.eabi_attribute 26, 1
  10              		.eabi_attribute 30, 1
  11              		.eabi_attribute 34, 1
  12              		.eabi_attribute 18, 4
  13              		.thumb
  14              		.syntax unified
  15              		.file	"main.c"
  16              		.text
  17              	.Ltext0:
  18              		.cfi_sections	.debug_frame
  19              		.section	.text.main,"ax",%progbits
  20              		.align	2
  21              		.global	main
  22              		.thumb
  23              		.thumb_func
  24              		.type	main, %function
  25              	main:
  26              	.LFB64:
  27              		.file 1 "main.c"
   1:main.c        **** /* ========================================
   2:main.c        ****  *
   3:main.c        ****  * Copyright Johannes Juvonen, Metropolia UAS, Finland, 2025
   4:main.c        ****  * All Rights Reserved
   5:main.c        ****  * UNPUBLISHED, LICENSED SOFTWARE.
   6:main.c        ****  *
   7:main.c        ****  * CC-NA-SA 4.0
   8:main.c        ****  *
   9:main.c        ****  * ========================================
  10:main.c        **** */
  11:main.c        **** #include "project.h"
  12:main.c        **** #include "UART.h"
  13:main.c        **** #include <stdio.h> 
  14:main.c        **** 
  15:main.c        **** int main(void)
  16:main.c        **** {
  28              		.loc 1 16 0
  29              		.cfi_startproc
  30              		@ args = 0, pretend = 0, frame = 8
  31              		@ frame_needed = 0, uses_anonymous_args = 0
  32 0000 10B5     		push	{r4, lr}
  33              		.cfi_def_cfa_offset 8
  34              		.cfi_offset 4, -8
  35              		.cfi_offset 14, -4
  36 0002 82B0     		sub	sp, sp, #8
  37              		.cfi_def_cfa_offset 16
  17:main.c        ****     CyGlobalIntEnable; /* Enable global interrupts. */
  38              		.loc 1 17 0
  39              		.syntax unified
  40              	@ 17 "main.c" 1
ARM GAS  C:\Users\jajuv\AppData\Local\Temp\ccVxVAVh.s 			page 2


  41 0004 62B6     		CPSIE   i
  42              	@ 0 "" 2
  43              	.LVL0:
  18:main.c        ****     
  19:main.c        ****     uint8 counter = 0;
  20:main.c        ****     char buffer[8];
  21:main.c        ****     
  22:main.c        ****     UART_Start();
  44              		.loc 1 22 0
  45              		.thumb
  46              		.syntax unified
  47 0006 FFF7FEFF 		bl	UART_Start
  48              	.LVL1:
  23:main.c        ****     LED1_Write(0); 
  49              		.loc 1 23 0
  50 000a 0020     		movs	r0, #0
  51 000c FFF7FEFF 		bl	LED1_Write
  52              	.LVL2:
  24:main.c        ****     
  25:main.c        ****     UART_PutString("Johannes Juvonen\r\n");
  53              		.loc 1 25 0
  54 0010 1448     		ldr	r0, .L6
  55 0012 FFF7FEFF 		bl	UART_PutString
  56              	.LVL3:
  19:main.c        ****     char buffer[8];
  57              		.loc 1 19 0
  58 0016 0024     		movs	r4, #0
  59              	.LVL4:
  60              	.L2:
  26:main.c        ****     
  27:main.c        ****     for(;;)
  28:main.c        ****     {
  29:main.c        ****         if(Button_Read() == 0)
  61              		.loc 1 29 0
  62 0018 FFF7FEFF 		bl	Button_Read
  63              	.LVL5:
  64 001c 70B9     		cbnz	r0, .L3
  30:main.c        ****         {
  31:main.c        ****             LED1_Write(1);
  65              		.loc 1 31 0
  66 001e 0120     		movs	r0, #1
  67 0020 FFF7FEFF 		bl	LED1_Write
  68              	.LVL6:
  32:main.c        ****             CyDelay(100);
  69              		.loc 1 32 0
  70 0024 6420     		movs	r0, #100
  71 0026 FFF7FEFF 		bl	CyDelay
  72              	.LVL7:
  33:main.c        ****             LED1_Write(0);
  73              		.loc 1 33 0
  74 002a 0020     		movs	r0, #0
  75 002c FFF7FEFF 		bl	LED1_Write
  76              	.LVL8:
  34:main.c        ****             CyDelay(900);
  77              		.loc 1 34 0
  78 0030 4FF46170 		mov	r0, #900
  79 0034 FFF7FEFF 		bl	CyDelay
ARM GAS  C:\Users\jajuv\AppData\Local\Temp\ccVxVAVh.s 			page 3


  80              	.LVL9:
  35:main.c        ****             counter++;
  81              		.loc 1 35 0
  82 0038 0134     		adds	r4, r4, #1
  83              	.LVL10:
  84 003a E4B2     		uxtb	r4, r4
  85              	.LVL11:
  86              	.L3:
  36:main.c        ****         }
  37:main.c        ****         if (UART_GetRxBufferSize() > 0)
  87              		.loc 1 37 0
  88 003c FFF7FEFF 		bl	UART_GetRxBufferSize
  89              	.LVL12:
  90 0040 0028     		cmp	r0, #0
  91 0042 E9D0     		beq	.L2
  92              	.LBB2:
  38:main.c        ****         {
  39:main.c        ****             uint8 received = UART_GetChar();
  93              		.loc 1 39 0
  94 0044 FFF7FEFF 		bl	UART_GetChar
  95              	.LVL13:
  40:main.c        ****             if (received >= 32 && received <= 126) // ASCII printable characters
  96              		.loc 1 40 0
  97 0048 2038     		subs	r0, r0, #32
  98              	.LVL14:
  99 004a C0B2     		uxtb	r0, r0
 100 004c 5E28     		cmp	r0, #94
 101 004e E3D8     		bhi	.L2
  41:main.c        ****             {
  42:main.c        ****                 sprintf(buffer, "%u\r\n", counter);
 102              		.loc 1 42 0
 103 0050 2246     		mov	r2, r4
 104 0052 0549     		ldr	r1, .L6+4
 105 0054 6846     		mov	r0, sp
 106 0056 FFF7FEFF 		bl	sprintf
 107              	.LVL15:
  43:main.c        ****                 UART_PutString(buffer);
 108              		.loc 1 43 0
 109 005a 6846     		mov	r0, sp
 110 005c FFF7FEFF 		bl	UART_PutString
 111              	.LVL16:
 112 0060 DAE7     		b	.L2
 113              	.L7:
 114 0062 00BF     		.align	2
 115              	.L6:
 116 0064 00000000 		.word	.LC0
 117 0068 14000000 		.word	.LC1
 118              	.LBE2:
 119              		.cfi_endproc
 120              	.LFE64:
 121              		.size	main, .-main
 122              		.section	.rodata.str1.4,"aMS",%progbits,1
 123              		.align	2
 124              	.LC0:
 125 0000 4A6F6861 		.ascii	"Johannes Juvonen\015\012\000"
 125      6E6E6573 
 125      204A7576 
ARM GAS  C:\Users\jajuv\AppData\Local\Temp\ccVxVAVh.s 			page 4


 125      6F6E656E 
 125      0D0A00
 126 0013 00       		.space	1
 127              	.LC1:
 128 0014 25750D0A 		.ascii	"%u\015\012\000"
 128      00
 129              		.text
 130              	.Letext0:
 131              		.file 2 "c:\\program files (x86)\\cypress\\psoc creator\\4.2\\psoc creator\\import\\gnu\\arm\\5.4.
 132              		.file 3 "c:\\program files (x86)\\cypress\\psoc creator\\4.2\\psoc creator\\import\\gnu\\arm\\5.4.
 133              		.file 4 "Generated_Source\\PSoC5/cytypes.h"
 134              		.file 5 "Generated_Source\\PSoC5/UART.h"
 135              		.file 6 "c:\\program files (x86)\\cypress\\psoc creator\\4.2\\psoc creator\\import\\gnu\\arm\\5.4.
 136              		.file 7 "Generated_Source\\PSoC5/LED1.h"
 137              		.file 8 "Generated_Source\\PSoC5/Button.h"
 138              		.file 9 "Generated_Source\\PSoC5/CyLib.h"
 139              		.file 10 "Generated_Source\\PSoC5/core_cm3.h"
 140              		.section	.debug_info,"",%progbits
 141              	.Ldebug_info0:
 142 0000 4A020000 		.4byte	0x24a
 143 0004 0400     		.2byte	0x4
 144 0006 00000000 		.4byte	.Ldebug_abbrev0
 145 000a 04       		.byte	0x4
 146 000b 01       		.uleb128 0x1
 147 000c 3A000000 		.4byte	.LASF28
 148 0010 0C       		.byte	0xc
 149 0011 60010000 		.4byte	.LASF29
 150 0015 67010000 		.4byte	.LASF30
 151 0019 00000000 		.4byte	.Ldebug_ranges0+0
 152 001d 00000000 		.4byte	0
 153 0021 00000000 		.4byte	.Ldebug_line0
 154 0025 02       		.uleb128 0x2
 155 0026 01       		.byte	0x1
 156 0027 06       		.byte	0x6
 157 0028 E7010000 		.4byte	.LASF0
 158 002c 02       		.uleb128 0x2
 159 002d 01       		.byte	0x1
 160 002e 08       		.byte	0x8
 161 002f 2C000000 		.4byte	.LASF1
 162 0033 02       		.uleb128 0x2
 163 0034 02       		.byte	0x2
 164 0035 05       		.byte	0x5
 165 0036 A1010000 		.4byte	.LASF2
 166 003a 02       		.uleb128 0x2
 167 003b 02       		.byte	0x2
 168 003c 07       		.byte	0x7
 169 003d DA000000 		.4byte	.LASF3
 170 0041 03       		.uleb128 0x3
 171 0042 0B000000 		.4byte	.LASF9
 172 0046 02       		.byte	0x2
 173 0047 3F       		.byte	0x3f
 174 0048 4C000000 		.4byte	0x4c
 175 004c 02       		.uleb128 0x2
 176 004d 04       		.byte	0x4
 177 004e 05       		.byte	0x5
 178 004f CD010000 		.4byte	.LASF4
 179 0053 02       		.uleb128 0x2
ARM GAS  C:\Users\jajuv\AppData\Local\Temp\ccVxVAVh.s 			page 5


 180 0054 04       		.byte	0x4
 181 0055 07       		.byte	0x7
 182 0056 C8000000 		.4byte	.LASF5
 183 005a 02       		.uleb128 0x2
 184 005b 08       		.byte	0x8
 185 005c 05       		.byte	0x5
 186 005d 52010000 		.4byte	.LASF6
 187 0061 02       		.uleb128 0x2
 188 0062 08       		.byte	0x8
 189 0063 07       		.byte	0x7
 190 0064 1E010000 		.4byte	.LASF7
 191 0068 04       		.uleb128 0x4
 192 0069 04       		.byte	0x4
 193 006a 05       		.byte	0x5
 194 006b 696E7400 		.ascii	"int\000"
 195 006f 02       		.uleb128 0x2
 196 0070 04       		.byte	0x4
 197 0071 07       		.byte	0x7
 198 0072 11010000 		.4byte	.LASF8
 199 0076 03       		.uleb128 0x3
 200 0077 35010000 		.4byte	.LASF10
 201 007b 03       		.byte	0x3
 202 007c 2C       		.byte	0x2c
 203 007d 41000000 		.4byte	0x41
 204 0081 05       		.uleb128 0x5
 205 0082 B2010000 		.4byte	.LASF11
 206 0086 04       		.byte	0x4
 207 0087 E401     		.2byte	0x1e4
 208 0089 2C000000 		.4byte	0x2c
 209 008d 02       		.uleb128 0x2
 210 008e 04       		.byte	0x4
 211 008f 04       		.byte	0x4
 212 0090 1E000000 		.4byte	.LASF12
 213 0094 02       		.uleb128 0x2
 214 0095 08       		.byte	0x8
 215 0096 04       		.byte	0x4
 216 0097 05010000 		.4byte	.LASF13
 217 009b 02       		.uleb128 0x2
 218 009c 01       		.byte	0x1
 219 009d 08       		.byte	0x8
 220 009e D6010000 		.4byte	.LASF14
 221 00a2 02       		.uleb128 0x2
 222 00a3 08       		.byte	0x8
 223 00a4 04       		.byte	0x4
 224 00a5 DB010000 		.4byte	.LASF15
 225 00a9 02       		.uleb128 0x2
 226 00aa 04       		.byte	0x4
 227 00ab 07       		.byte	0x7
 228 00ac 3D010000 		.4byte	.LASF16
 229 00b0 06       		.uleb128 0x6
 230 00b1 9B000000 		.4byte	0x9b
 231 00b5 C0000000 		.4byte	0xc0
 232 00b9 07       		.uleb128 0x7
 233 00ba A9000000 		.4byte	0xa9
 234 00be 07       		.byte	0x7
 235 00bf 00       		.byte	0
 236 00c0 08       		.uleb128 0x8
ARM GAS  C:\Users\jajuv\AppData\Local\Temp\ccVxVAVh.s 			page 6


 237 00c1 0C010000 		.4byte	.LASF31
 238 00c5 01       		.byte	0x1
 239 00c6 0F       		.byte	0xf
 240 00c7 68000000 		.4byte	0x68
 241 00cb 00000000 		.4byte	.LFB64
 242 00cf 6C000000 		.4byte	.LFE64-.LFB64
 243 00d3 01       		.uleb128 0x1
 244 00d4 9C       		.byte	0x9c
 245 00d5 E4010000 		.4byte	0x1e4
 246 00d9 09       		.uleb128 0x9
 247 00da 24000000 		.4byte	.LASF17
 248 00de 01       		.byte	0x1
 249 00df 13       		.byte	0x13
 250 00e0 81000000 		.4byte	0x81
 251 00e4 00000000 		.4byte	.LLST0
 252 00e8 0A       		.uleb128 0xa
 253 00e9 AB010000 		.4byte	.LASF18
 254 00ed 01       		.byte	0x1
 255 00ee 14       		.byte	0x14
 256 00ef B0000000 		.4byte	0xb0
 257 00f3 02       		.uleb128 0x2
 258 00f4 91       		.byte	0x91
 259 00f5 70       		.sleb128 -16
 260 00f6 0B       		.uleb128 0xb
 261 00f7 44000000 		.4byte	.LBB2
 262 00fb 28000000 		.4byte	.LBE2-.LBB2
 263 00ff 4F010000 		.4byte	0x14f
 264 0103 09       		.uleb128 0x9
 265 0104 15000000 		.4byte	.LASF19
 266 0108 01       		.byte	0x1
 267 0109 27       		.byte	0x27
 268 010a 81000000 		.4byte	0x81
 269 010e 2A000000 		.4byte	.LLST1
 270 0112 0C       		.uleb128 0xc
 271 0113 48000000 		.4byte	.LVL13
 272 0117 F5010000 		.4byte	0x1f5
 273 011b 0D       		.uleb128 0xd
 274 011c 5A000000 		.4byte	.LVL15
 275 0120 00020000 		.4byte	0x200
 276 0124 3E010000 		.4byte	0x13e
 277 0128 0E       		.uleb128 0xe
 278 0129 01       		.uleb128 0x1
 279 012a 50       		.byte	0x50
 280 012b 02       		.uleb128 0x2
 281 012c 7D       		.byte	0x7d
 282 012d 00       		.sleb128 0
 283 012e 0E       		.uleb128 0xe
 284 012f 01       		.uleb128 0x1
 285 0130 51       		.byte	0x51
 286 0131 05       		.uleb128 0x5
 287 0132 03       		.byte	0x3
 288 0133 14000000 		.4byte	.LC1
 289 0137 0E       		.uleb128 0xe
 290 0138 01       		.uleb128 0x1
 291 0139 52       		.byte	0x52
 292 013a 02       		.uleb128 0x2
 293 013b 74       		.byte	0x74
ARM GAS  C:\Users\jajuv\AppData\Local\Temp\ccVxVAVh.s 			page 7


 294 013c 00       		.sleb128 0
 295 013d 00       		.byte	0
 296 013e 0F       		.uleb128 0xf
 297 013f 60000000 		.4byte	.LVL16
 298 0143 0B020000 		.4byte	0x20b
 299 0147 0E       		.uleb128 0xe
 300 0148 01       		.uleb128 0x1
 301 0149 50       		.byte	0x50
 302 014a 02       		.uleb128 0x2
 303 014b 7D       		.byte	0x7d
 304 014c 00       		.sleb128 0
 305 014d 00       		.byte	0
 306 014e 00       		.byte	0
 307 014f 0C       		.uleb128 0xc
 308 0150 0A000000 		.4byte	.LVL1
 309 0154 16020000 		.4byte	0x216
 310 0158 0D       		.uleb128 0xd
 311 0159 10000000 		.4byte	.LVL2
 312 015d 21020000 		.4byte	0x221
 313 0161 6B010000 		.4byte	0x16b
 314 0165 0E       		.uleb128 0xe
 315 0166 01       		.uleb128 0x1
 316 0167 50       		.byte	0x50
 317 0168 01       		.uleb128 0x1
 318 0169 30       		.byte	0x30
 319 016a 00       		.byte	0
 320 016b 0D       		.uleb128 0xd
 321 016c 16000000 		.4byte	.LVL3
 322 0170 0B020000 		.4byte	0x20b
 323 0174 82010000 		.4byte	0x182
 324 0178 0E       		.uleb128 0xe
 325 0179 01       		.uleb128 0x1
 326 017a 50       		.byte	0x50
 327 017b 05       		.uleb128 0x5
 328 017c 03       		.byte	0x3
 329 017d 00000000 		.4byte	.LC0
 330 0181 00       		.byte	0
 331 0182 0C       		.uleb128 0xc
 332 0183 1C000000 		.4byte	.LVL5
 333 0187 2C020000 		.4byte	0x22c
 334 018b 0D       		.uleb128 0xd
 335 018c 24000000 		.4byte	.LVL6
 336 0190 21020000 		.4byte	0x221
 337 0194 9E010000 		.4byte	0x19e
 338 0198 0E       		.uleb128 0xe
 339 0199 01       		.uleb128 0x1
 340 019a 50       		.byte	0x50
 341 019b 01       		.uleb128 0x1
 342 019c 31       		.byte	0x31
 343 019d 00       		.byte	0
 344 019e 0D       		.uleb128 0xd
 345 019f 2A000000 		.4byte	.LVL7
 346 01a3 37020000 		.4byte	0x237
 347 01a7 B2010000 		.4byte	0x1b2
 348 01ab 0E       		.uleb128 0xe
 349 01ac 01       		.uleb128 0x1
 350 01ad 50       		.byte	0x50
ARM GAS  C:\Users\jajuv\AppData\Local\Temp\ccVxVAVh.s 			page 8


 351 01ae 02       		.uleb128 0x2
 352 01af 08       		.byte	0x8
 353 01b0 64       		.byte	0x64
 354 01b1 00       		.byte	0
 355 01b2 0D       		.uleb128 0xd
 356 01b3 30000000 		.4byte	.LVL8
 357 01b7 21020000 		.4byte	0x221
 358 01bb C5010000 		.4byte	0x1c5
 359 01bf 0E       		.uleb128 0xe
 360 01c0 01       		.uleb128 0x1
 361 01c1 50       		.byte	0x50
 362 01c2 01       		.uleb128 0x1
 363 01c3 30       		.byte	0x30
 364 01c4 00       		.byte	0
 365 01c5 0D       		.uleb128 0xd
 366 01c6 38000000 		.4byte	.LVL9
 367 01ca 37020000 		.4byte	0x237
 368 01ce DA010000 		.4byte	0x1da
 369 01d2 0E       		.uleb128 0xe
 370 01d3 01       		.uleb128 0x1
 371 01d4 50       		.byte	0x50
 372 01d5 03       		.uleb128 0x3
 373 01d6 0A       		.byte	0xa
 374 01d7 8403     		.2byte	0x384
 375 01d9 00       		.byte	0
 376 01da 0C       		.uleb128 0xc
 377 01db 40000000 		.4byte	.LVL12
 378 01df 42020000 		.4byte	0x242
 379 01e3 00       		.byte	0
 380 01e4 10       		.uleb128 0x10
 381 01e5 F8000000 		.4byte	.LASF32
 382 01e9 0A       		.byte	0xa
 383 01ea 1207     		.2byte	0x712
 384 01ec F0010000 		.4byte	0x1f0
 385 01f0 11       		.uleb128 0x11
 386 01f1 76000000 		.4byte	0x76
 387 01f5 12       		.uleb128 0x12
 388 01f6 94010000 		.4byte	.LASF20
 389 01fa 94010000 		.4byte	.LASF20
 390 01fe 05       		.byte	0x5
 391 01ff 71       		.byte	0x71
 392 0200 12       		.uleb128 0x12
 393 0201 02020000 		.4byte	.LASF21
 394 0205 02020000 		.4byte	.LASF21
 395 0209 06       		.byte	0x6
 396 020a E7       		.byte	0xe7
 397 020b 12       		.uleb128 0x12
 398 020c F3010000 		.4byte	.LASF22
 399 0210 F3010000 		.4byte	.LASF22
 400 0214 05       		.byte	0x5
 401 0215 8B       		.byte	0x8b
 402 0216 12       		.uleb128 0x12
 403 0217 ED000000 		.4byte	.LASF23
 404 021b ED000000 		.4byte	.LASF23
 405 021f 05       		.byte	0x5
 406 0220 54       		.byte	0x54
 407 0221 12       		.uleb128 0x12
ARM GAS  C:\Users\jajuv\AppData\Local\Temp\ccVxVAVh.s 			page 9


 408 0222 00000000 		.4byte	.LASF24
 409 0226 00000000 		.4byte	.LASF24
 410 022a 07       		.byte	0x7
 411 022b 26       		.byte	0x26
 412 022c 12       		.uleb128 0x12
 413 022d 46010000 		.4byte	.LASF25
 414 0231 46010000 		.4byte	.LASF25
 415 0235 08       		.byte	0x8
 416 0236 29       		.byte	0x29
 417 0237 12       		.uleb128 0x12
 418 0238 0A020000 		.4byte	.LASF26
 419 023c 0A020000 		.4byte	.LASF26
 420 0240 09       		.byte	0x9
 421 0241 76       		.byte	0x76
 422 0242 12       		.uleb128 0x12
 423 0243 B8010000 		.4byte	.LASF27
 424 0247 B8010000 		.4byte	.LASF27
 425 024b 05       		.byte	0x5
 426 024c 73       		.byte	0x73
 427 024d 00       		.byte	0
 428              		.section	.debug_abbrev,"",%progbits
 429              	.Ldebug_abbrev0:
 430 0000 01       		.uleb128 0x1
 431 0001 11       		.uleb128 0x11
 432 0002 01       		.byte	0x1
 433 0003 25       		.uleb128 0x25
 434 0004 0E       		.uleb128 0xe
 435 0005 13       		.uleb128 0x13
 436 0006 0B       		.uleb128 0xb
 437 0007 03       		.uleb128 0x3
 438 0008 0E       		.uleb128 0xe
 439 0009 1B       		.uleb128 0x1b
 440 000a 0E       		.uleb128 0xe
 441 000b 55       		.uleb128 0x55
 442 000c 17       		.uleb128 0x17
 443 000d 11       		.uleb128 0x11
 444 000e 01       		.uleb128 0x1
 445 000f 10       		.uleb128 0x10
 446 0010 17       		.uleb128 0x17
 447 0011 00       		.byte	0
 448 0012 00       		.byte	0
 449 0013 02       		.uleb128 0x2
 450 0014 24       		.uleb128 0x24
 451 0015 00       		.byte	0
 452 0016 0B       		.uleb128 0xb
 453 0017 0B       		.uleb128 0xb
 454 0018 3E       		.uleb128 0x3e
 455 0019 0B       		.uleb128 0xb
 456 001a 03       		.uleb128 0x3
 457 001b 0E       		.uleb128 0xe
 458 001c 00       		.byte	0
 459 001d 00       		.byte	0
 460 001e 03       		.uleb128 0x3
 461 001f 16       		.uleb128 0x16
 462 0020 00       		.byte	0
 463 0021 03       		.uleb128 0x3
 464 0022 0E       		.uleb128 0xe
ARM GAS  C:\Users\jajuv\AppData\Local\Temp\ccVxVAVh.s 			page 10


 465 0023 3A       		.uleb128 0x3a
 466 0024 0B       		.uleb128 0xb
 467 0025 3B       		.uleb128 0x3b
 468 0026 0B       		.uleb128 0xb
 469 0027 49       		.uleb128 0x49
 470 0028 13       		.uleb128 0x13
 471 0029 00       		.byte	0
 472 002a 00       		.byte	0
 473 002b 04       		.uleb128 0x4
 474 002c 24       		.uleb128 0x24
 475 002d 00       		.byte	0
 476 002e 0B       		.uleb128 0xb
 477 002f 0B       		.uleb128 0xb
 478 0030 3E       		.uleb128 0x3e
 479 0031 0B       		.uleb128 0xb
 480 0032 03       		.uleb128 0x3
 481 0033 08       		.uleb128 0x8
 482 0034 00       		.byte	0
 483 0035 00       		.byte	0
 484 0036 05       		.uleb128 0x5
 485 0037 16       		.uleb128 0x16
 486 0038 00       		.byte	0
 487 0039 03       		.uleb128 0x3
 488 003a 0E       		.uleb128 0xe
 489 003b 3A       		.uleb128 0x3a
 490 003c 0B       		.uleb128 0xb
 491 003d 3B       		.uleb128 0x3b
 492 003e 05       		.uleb128 0x5
 493 003f 49       		.uleb128 0x49
 494 0040 13       		.uleb128 0x13
 495 0041 00       		.byte	0
 496 0042 00       		.byte	0
 497 0043 06       		.uleb128 0x6
 498 0044 01       		.uleb128 0x1
 499 0045 01       		.byte	0x1
 500 0046 49       		.uleb128 0x49
 501 0047 13       		.uleb128 0x13
 502 0048 01       		.uleb128 0x1
 503 0049 13       		.uleb128 0x13
 504 004a 00       		.byte	0
 505 004b 00       		.byte	0
 506 004c 07       		.uleb128 0x7
 507 004d 21       		.uleb128 0x21
 508 004e 00       		.byte	0
 509 004f 49       		.uleb128 0x49
 510 0050 13       		.uleb128 0x13
 511 0051 2F       		.uleb128 0x2f
 512 0052 0B       		.uleb128 0xb
 513 0053 00       		.byte	0
 514 0054 00       		.byte	0
 515 0055 08       		.uleb128 0x8
 516 0056 2E       		.uleb128 0x2e
 517 0057 01       		.byte	0x1
 518 0058 3F       		.uleb128 0x3f
 519 0059 19       		.uleb128 0x19
 520 005a 03       		.uleb128 0x3
 521 005b 0E       		.uleb128 0xe
ARM GAS  C:\Users\jajuv\AppData\Local\Temp\ccVxVAVh.s 			page 11


 522 005c 3A       		.uleb128 0x3a
 523 005d 0B       		.uleb128 0xb
 524 005e 3B       		.uleb128 0x3b
 525 005f 0B       		.uleb128 0xb
 526 0060 27       		.uleb128 0x27
 527 0061 19       		.uleb128 0x19
 528 0062 49       		.uleb128 0x49
 529 0063 13       		.uleb128 0x13
 530 0064 8701     		.uleb128 0x87
 531 0066 19       		.uleb128 0x19
 532 0067 11       		.uleb128 0x11
 533 0068 01       		.uleb128 0x1
 534 0069 12       		.uleb128 0x12
 535 006a 06       		.uleb128 0x6
 536 006b 40       		.uleb128 0x40
 537 006c 18       		.uleb128 0x18
 538 006d 9742     		.uleb128 0x2117
 539 006f 19       		.uleb128 0x19
 540 0070 01       		.uleb128 0x1
 541 0071 13       		.uleb128 0x13
 542 0072 00       		.byte	0
 543 0073 00       		.byte	0
 544 0074 09       		.uleb128 0x9
 545 0075 34       		.uleb128 0x34
 546 0076 00       		.byte	0
 547 0077 03       		.uleb128 0x3
 548 0078 0E       		.uleb128 0xe
 549 0079 3A       		.uleb128 0x3a
 550 007a 0B       		.uleb128 0xb
 551 007b 3B       		.uleb128 0x3b
 552 007c 0B       		.uleb128 0xb
 553 007d 49       		.uleb128 0x49
 554 007e 13       		.uleb128 0x13
 555 007f 02       		.uleb128 0x2
 556 0080 17       		.uleb128 0x17
 557 0081 00       		.byte	0
 558 0082 00       		.byte	0
 559 0083 0A       		.uleb128 0xa
 560 0084 34       		.uleb128 0x34
 561 0085 00       		.byte	0
 562 0086 03       		.uleb128 0x3
 563 0087 0E       		.uleb128 0xe
 564 0088 3A       		.uleb128 0x3a
 565 0089 0B       		.uleb128 0xb
 566 008a 3B       		.uleb128 0x3b
 567 008b 0B       		.uleb128 0xb
 568 008c 49       		.uleb128 0x49
 569 008d 13       		.uleb128 0x13
 570 008e 02       		.uleb128 0x2
 571 008f 18       		.uleb128 0x18
 572 0090 00       		.byte	0
 573 0091 00       		.byte	0
 574 0092 0B       		.uleb128 0xb
 575 0093 0B       		.uleb128 0xb
 576 0094 01       		.byte	0x1
 577 0095 11       		.uleb128 0x11
 578 0096 01       		.uleb128 0x1
ARM GAS  C:\Users\jajuv\AppData\Local\Temp\ccVxVAVh.s 			page 12


 579 0097 12       		.uleb128 0x12
 580 0098 06       		.uleb128 0x6
 581 0099 01       		.uleb128 0x1
 582 009a 13       		.uleb128 0x13
 583 009b 00       		.byte	0
 584 009c 00       		.byte	0
 585 009d 0C       		.uleb128 0xc
 586 009e 898201   		.uleb128 0x4109
 587 00a1 00       		.byte	0
 588 00a2 11       		.uleb128 0x11
 589 00a3 01       		.uleb128 0x1
 590 00a4 31       		.uleb128 0x31
 591 00a5 13       		.uleb128 0x13
 592 00a6 00       		.byte	0
 593 00a7 00       		.byte	0
 594 00a8 0D       		.uleb128 0xd
 595 00a9 898201   		.uleb128 0x4109
 596 00ac 01       		.byte	0x1
 597 00ad 11       		.uleb128 0x11
 598 00ae 01       		.uleb128 0x1
 599 00af 31       		.uleb128 0x31
 600 00b0 13       		.uleb128 0x13
 601 00b1 01       		.uleb128 0x1
 602 00b2 13       		.uleb128 0x13
 603 00b3 00       		.byte	0
 604 00b4 00       		.byte	0
 605 00b5 0E       		.uleb128 0xe
 606 00b6 8A8201   		.uleb128 0x410a
 607 00b9 00       		.byte	0
 608 00ba 02       		.uleb128 0x2
 609 00bb 18       		.uleb128 0x18
 610 00bc 9142     		.uleb128 0x2111
 611 00be 18       		.uleb128 0x18
 612 00bf 00       		.byte	0
 613 00c0 00       		.byte	0
 614 00c1 0F       		.uleb128 0xf
 615 00c2 898201   		.uleb128 0x4109
 616 00c5 01       		.byte	0x1
 617 00c6 11       		.uleb128 0x11
 618 00c7 01       		.uleb128 0x1
 619 00c8 31       		.uleb128 0x31
 620 00c9 13       		.uleb128 0x13
 621 00ca 00       		.byte	0
 622 00cb 00       		.byte	0
 623 00cc 10       		.uleb128 0x10
 624 00cd 34       		.uleb128 0x34
 625 00ce 00       		.byte	0
 626 00cf 03       		.uleb128 0x3
 627 00d0 0E       		.uleb128 0xe
 628 00d1 3A       		.uleb128 0x3a
 629 00d2 0B       		.uleb128 0xb
 630 00d3 3B       		.uleb128 0x3b
 631 00d4 05       		.uleb128 0x5
 632 00d5 49       		.uleb128 0x49
 633 00d6 13       		.uleb128 0x13
 634 00d7 3F       		.uleb128 0x3f
 635 00d8 19       		.uleb128 0x19
ARM GAS  C:\Users\jajuv\AppData\Local\Temp\ccVxVAVh.s 			page 13


 636 00d9 3C       		.uleb128 0x3c
 637 00da 19       		.uleb128 0x19
 638 00db 00       		.byte	0
 639 00dc 00       		.byte	0
 640 00dd 11       		.uleb128 0x11
 641 00de 35       		.uleb128 0x35
 642 00df 00       		.byte	0
 643 00e0 49       		.uleb128 0x49
 644 00e1 13       		.uleb128 0x13
 645 00e2 00       		.byte	0
 646 00e3 00       		.byte	0
 647 00e4 12       		.uleb128 0x12
 648 00e5 2E       		.uleb128 0x2e
 649 00e6 00       		.byte	0
 650 00e7 3F       		.uleb128 0x3f
 651 00e8 19       		.uleb128 0x19
 652 00e9 3C       		.uleb128 0x3c
 653 00ea 19       		.uleb128 0x19
 654 00eb 6E       		.uleb128 0x6e
 655 00ec 0E       		.uleb128 0xe
 656 00ed 03       		.uleb128 0x3
 657 00ee 0E       		.uleb128 0xe
 658 00ef 3A       		.uleb128 0x3a
 659 00f0 0B       		.uleb128 0xb
 660 00f1 3B       		.uleb128 0x3b
 661 00f2 0B       		.uleb128 0xb
 662 00f3 00       		.byte	0
 663 00f4 00       		.byte	0
 664 00f5 00       		.byte	0
 665              		.section	.debug_loc,"",%progbits
 666              	.Ldebug_loc0:
 667              	.LLST0:
 668 0000 06000000 		.4byte	.LVL0
 669 0004 18000000 		.4byte	.LVL4
 670 0008 0200     		.2byte	0x2
 671 000a 30       		.byte	0x30
 672 000b 9F       		.byte	0x9f
 673 000c 18000000 		.4byte	.LVL4
 674 0010 3A000000 		.4byte	.LVL10
 675 0014 0100     		.2byte	0x1
 676 0016 54       		.byte	0x54
 677 0017 3C000000 		.4byte	.LVL11
 678 001b 6C000000 		.4byte	.LFE64
 679 001f 0100     		.2byte	0x1
 680 0021 54       		.byte	0x54
 681 0022 00000000 		.4byte	0
 682 0026 00000000 		.4byte	0
 683              	.LLST1:
 684 002a 48000000 		.4byte	.LVL13
 685 002e 4A000000 		.4byte	.LVL14
 686 0032 0100     		.2byte	0x1
 687 0034 50       		.byte	0x50
 688 0035 00000000 		.4byte	0
 689 0039 00000000 		.4byte	0
 690              		.section	.debug_aranges,"",%progbits
 691 0000 1C000000 		.4byte	0x1c
 692 0004 0200     		.2byte	0x2
ARM GAS  C:\Users\jajuv\AppData\Local\Temp\ccVxVAVh.s 			page 14


 693 0006 00000000 		.4byte	.Ldebug_info0
 694 000a 04       		.byte	0x4
 695 000b 00       		.byte	0
 696 000c 0000     		.2byte	0
 697 000e 0000     		.2byte	0
 698 0010 00000000 		.4byte	.LFB64
 699 0014 6C000000 		.4byte	.LFE64-.LFB64
 700 0018 00000000 		.4byte	0
 701 001c 00000000 		.4byte	0
 702              		.section	.debug_ranges,"",%progbits
 703              	.Ldebug_ranges0:
 704 0000 00000000 		.4byte	.LFB64
 705 0004 6C000000 		.4byte	.LFE64
 706 0008 00000000 		.4byte	0
 707 000c 00000000 		.4byte	0
 708              		.section	.debug_line,"",%progbits
 709              	.Ldebug_line0:
 710 0000 13020000 		.section	.debug_str,"MS",%progbits,1
 710      0200EA01 
 710      00000201 
 710      FB0E0D00 
 710      01010101 
 711              	.LASF24:
 712 0000 4C454431 		.ascii	"LED1_Write\000"
 712      5F577269 
 712      746500
 713              	.LASF9:
 714 000b 5F5F696E 		.ascii	"__int32_t\000"
 714      7433325F 
 714      7400
 715              	.LASF19:
 716 0015 72656365 		.ascii	"received\000"
 716      69766564 
 716      00
 717              	.LASF12:
 718 001e 666C6F61 		.ascii	"float\000"
 718      7400
 719              	.LASF17:
 720 0024 636F756E 		.ascii	"counter\000"
 720      74657200 
 721              	.LASF1:
 722 002c 756E7369 		.ascii	"unsigned char\000"
 722      676E6564 
 722      20636861 
 722      7200
 723              	.LASF28:
 724 003a 474E5520 		.ascii	"GNU C11 5.4.1 20160609 (release) [ARM/embedded-5-br"
 724      43313120 
 724      352E342E 
 724      31203230 
 724      31363036 
 725 006d 616E6368 		.ascii	"anch revision 237715] -mcpu=cortex-m3 -mthumb -g -O"
 725      20726576 
 725      6973696F 
 725      6E203233 
 725      37373135 
 726 00a0 67202D66 		.ascii	"g -ffunction-sections -ffat-lto-objects\000"
ARM GAS  C:\Users\jajuv\AppData\Local\Temp\ccVxVAVh.s 			page 15


 726      66756E63 
 726      74696F6E 
 726      2D736563 
 726      74696F6E 
 727              	.LASF5:
 728 00c8 6C6F6E67 		.ascii	"long unsigned int\000"
 728      20756E73 
 728      69676E65 
 728      6420696E 
 728      7400
 729              	.LASF3:
 730 00da 73686F72 		.ascii	"short unsigned int\000"
 730      7420756E 
 730      7369676E 
 730      65642069 
 730      6E7400
 731              	.LASF23:
 732 00ed 55415254 		.ascii	"UART_Start\000"
 732      5F537461 
 732      727400
 733              	.LASF32:
 734 00f8 49544D5F 		.ascii	"ITM_RxBuffer\000"
 734      52784275 
 734      66666572 
 734      00
 735              	.LASF13:
 736 0105 646F7562 		.ascii	"double\000"
 736      6C6500
 737              	.LASF31:
 738 010c 6D61696E 		.ascii	"main\000"
 738      00
 739              	.LASF8:
 740 0111 756E7369 		.ascii	"unsigned int\000"
 740      676E6564 
 740      20696E74 
 740      00
 741              	.LASF7:
 742 011e 6C6F6E67 		.ascii	"long long unsigned int\000"
 742      206C6F6E 
 742      6720756E 
 742      7369676E 
 742      65642069 
 743              	.LASF10:
 744 0135 696E7433 		.ascii	"int32_t\000"
 744      325F7400 
 745              	.LASF16:
 746 013d 73697A65 		.ascii	"sizetype\000"
 746      74797065 
 746      00
 747              	.LASF25:
 748 0146 42757474 		.ascii	"Button_Read\000"
 748      6F6E5F52 
 748      65616400 
 749              	.LASF6:
 750 0152 6C6F6E67 		.ascii	"long long int\000"
 750      206C6F6E 
 750      6720696E 
ARM GAS  C:\Users\jajuv\AppData\Local\Temp\ccVxVAVh.s 			page 16


 750      7400
 751              	.LASF29:
 752 0160 6D61696E 		.ascii	"main.c\000"
 752      2E6300
 753              	.LASF30:
 754 0167 433A5C63 		.ascii	"C:\\code\\PSOC\\PSoCLabs\\johannesPSoCLab1.cydsn\000"
 754      6F64655C 
 754      50534F43 
 754      5C50536F 
 754      434C6162 
 755              	.LASF20:
 756 0194 55415254 		.ascii	"UART_GetChar\000"
 756      5F476574 
 756      43686172 
 756      00
 757              	.LASF2:
 758 01a1 73686F72 		.ascii	"short int\000"
 758      7420696E 
 758      7400
 759              	.LASF18:
 760 01ab 62756666 		.ascii	"buffer\000"
 760      657200
 761              	.LASF11:
 762 01b2 75696E74 		.ascii	"uint8\000"
 762      3800
 763              	.LASF27:
 764 01b8 55415254 		.ascii	"UART_GetRxBufferSize\000"
 764      5F476574 
 764      52784275 
 764      66666572 
 764      53697A65 
 765              	.LASF4:
 766 01cd 6C6F6E67 		.ascii	"long int\000"
 766      20696E74 
 766      00
 767              	.LASF14:
 768 01d6 63686172 		.ascii	"char\000"
 768      00
 769              	.LASF15:
 770 01db 6C6F6E67 		.ascii	"long double\000"
 770      20646F75 
 770      626C6500 
 771              	.LASF0:
 772 01e7 7369676E 		.ascii	"signed char\000"
 772      65642063 
 772      68617200 
 773              	.LASF22:
 774 01f3 55415254 		.ascii	"UART_PutString\000"
 774      5F507574 
 774      53747269 
 774      6E6700
 775              	.LASF21:
 776 0202 73707269 		.ascii	"sprintf\000"
 776      6E746600 
 777              	.LASF26:
 778 020a 43794465 		.ascii	"CyDelay\000"
 778      6C617900 
ARM GAS  C:\Users\jajuv\AppData\Local\Temp\ccVxVAVh.s 			page 17


 779              		.ident	"GCC: (GNU Tools for ARM Embedded Processors) 5.4.1 20160609 (release) [ARM/embedded-5-bran
